<?xml version="1.0" encoding="UTF-8"?>
<!-- Generated by org.testng.reporters.JUnitXMLReporter -->
<testsuite hostname="LP-PF2Y2PTF" name="First Test" tests="4" failures="0" timestamp="3 Aug 2021 11:07:30 GMT" time="0.047" errors="0">
  <testcase name="sample2" time="0.016" classname="com.example1.Test_1"/>
  <testcase name="sample3" time="0.0" classname="com.example1.Test_1"/>
  <testcase name="sample1" time="0.0" classname="com.example1.Test_1"/>
  <testcase name="sample4" time="0.0" classname="com.example1.Test_1"/>
</testsuite> <!-- First Test -->
