<?xml version="1.0" encoding="UTF-8"?>
<testng-results skipped="0" failed="0" ignored="0" total="1" passed="1">
  <reporter-output>
  </reporter-output>
  <suite name="Default suite" duration-ms="9721" started-at="2021-08-25T04:25:04Z" finished-at="2021-08-25T04:25:14Z">
    <groups>
    </groups>
    <test name="Default test" duration-ms="9721" started-at="2021-08-25T04:25:04Z" finished-at="2021-08-25T04:25:14Z">
      <class name="com.advanced.Apachepoi">
        <test-method status="PASS" signature="f()[pri:0, instance:com.advanced.Apachepoi@4cc0edeb]" name="f" duration-ms="9706" started-at="2021-08-25T09:55:04Z" finished-at="2021-08-25T09:55:14Z">
          <reporter-output>
          </reporter-output>
        </test-method> <!-- f -->
      </class> <!-- com.advanced.Apachepoi -->
    </test> <!-- Default test -->
  </suite> <!-- Default suite -->
</testng-results>
