<?xml version="1.0" encoding="UTF-8"?>
<testng-results skipped="0" failed="0" total="1" passed="1">
  <reporter-output>
  </reporter-output>
  <suite name="Default suite" duration-ms="11061" started-at="2021-08-25T11:45:56Z" finished-at="2021-08-25T11:46:07Z">
    <groups>
    </groups>
    <test name="Default test" duration-ms="11061" started-at="2021-08-25T11:45:56Z" finished-at="2021-08-25T11:46:07Z">
      <class name="com.example1.DropDown">
        <test-method status="PASS" signature="f()[pri:0, instance:com.example1.DropDown@7dc7cbad]" name="f" duration-ms="11036" started-at="2021-08-25T17:15:56Z" finished-at="2021-08-25T17:16:07Z">
          <reporter-output>
          </reporter-output>
        </test-method> <!-- f -->
      </class> <!-- com.example1.DropDown -->
    </test> <!-- Default test -->
  </suite> <!-- Default suite -->
</testng-results>
